2025-04-04 22:23:18,758 - INFO - Initializing database...
2025-04-04 22:23:18,827 - INFO - Creating required directories...
2025-04-04 22:23:18,827 - INFO - Creating database tables...
2025-04-04 22:23:18,845 - INFO - Registering blueprints...
2025-04-04 22:23:18,850 - INFO - Application startup completed successfully
2025-04-04 22:23:28,930 - INFO - Initializing database...
2025-04-04 22:23:29,004 - INFO - Creating required directories...
2025-04-04 22:23:29,004 - INFO - Creating database tables...
2025-04-04 22:23:29,023 - INFO - Registering blueprints...
2025-04-04 22:23:29,028 - INFO - Application startup completed successfully
2025-04-04 22:25:16,073 - INFO - Received POST request to /api/add_guest
2025-04-04 22:25:16,073 - INFO - Important Headers: {'User-Agent': 'python-requests/2.32.3', 'Content-Type': 'multipart/form-data; boundary=c247a6c80f8339b59f5faff04590da03'}
2025-04-04 22:25:18,077 - INFO - Response status: 200 OK
2025-04-04 22:25:18,077 - INFO - Response size: 206 bytes
2025-04-04 22:25:18,094 - INFO - Received POST request to /api/validate_face
2025-04-04 22:25:18,094 - INFO - Important Headers: {'User-Agent': 'python-requests/2.32.3', 'Content-Type': 'multipart/form-data; boundary=62758fbd10c88c10d15c86e382c4118a'}
2025-04-04 22:25:18,429 - INFO - Response status: 200 OK
2025-04-04 22:25:18,429 - INFO - Response size: 294 bytes
2025-04-04 22:25:18,442 - INFO - Received POST request to /api/validate_face
2025-04-04 22:25:18,442 - INFO - Important Headers: {'User-Agent': 'python-requests/2.32.3', 'Content-Type': 'multipart/form-data; boundary=c48eab55c0ed2a2332f76700c417860a'}
2025-04-04 22:25:18,677 - INFO - Response status: 200 OK
2025-04-04 22:25:18,677 - INFO - Response size: 387 bytes
2025-04-04 22:25:18,688 - INFO - Received POST request to /api/validate_face
2025-04-04 22:25:18,688 - INFO - Important Headers: {'User-Agent': 'python-requests/2.32.3', 'Content-Type': 'multipart/form-data; boundary=368c7f5c71d3e028323a5af2d6fb6ec5'}
2025-04-04 22:25:18,870 - INFO - Response status: 200 OK
2025-04-04 22:25:18,871 - INFO /home/user/gradproject/models- Response size: 396 bytes
2025-04-04 22:25:18,879 - INFO - Received POST request to /api/add_guest
2025-04-04 22:25:18,879 - INFO - Important Headers: {'User-Agent': 'python-requests/2.32.3', 'Content-Type': 'multipart/form-data; boundary=1bdc9e780976b7d0a19d9377ae6c52ba'}
2025-04-04 22:25:19,080 - INFO - Response status: 200 OK
2025-04-04 22:25:19,080 - INFO - Response size: 342 bytes
2025-04-04 23:11:46,806 - INFO - Initializing database...
2025-04-04 23:11:47,086 - INFO - Creating required directories...
2025-04-04 23:11:47,087 - INFO - Creating database tables...
2025-04-04 23:11:47,295 - INFO - Registering blueprints...
2025-04-04 23:11:47,303 - INFO - Application startup completed successfully
2025-04-04 23:11:59,672 - INFO - Initializing database...
2025-04-04 23:11:59,733 - INFO - Creating required directories...
2025-04-04 23:11:59,733 - INFO - Creating database tables...
2025-04-04 23:11:59,756 - INFO - Registering blueprints...
2025-04-04 23:11:59,765 - INFO - Application startup completed successfully
2025-04-04 23:58:40,833 - INFO - Initializing database...
2025-04-04 23:58:41,180 - INFO - Creating required directories...
2025-04-04 23:58:41,181 - INFO - Creating database tables...
2025-04-04 23:58:41,254 - INFO - Registering blueprints...
2025-04-04 23:58:41,267 - INFO - Application startup completed successfully
2025-04-04 23:58:53,491 - INFO - Initializing database...
2025-04-04 23:58:53,552 - INFO - Creating required directories...
2025-04-04 23:58:53,553 - INFO - Creating database tables...
2025-04-04 23:58:53,578 - INFO - Registering blueprints...
2025-04-04 23:58:53,591 - INFO - Application startup completed successfully
2025-04-04 23:58:53,666 - INFO - Received GET request to /
2025-04-04 23:58:53,669 - INFO - Important Headers: {'User-Agent': 'Mozilla/5.0 (Windows NT 10.0; Win64; x64) AppleWebKit/537.36 (KHTML, like Gecko) Chrome/135.0.0.0 Safari/537.36', 'Content-Type': None}
2025-04-04 23:58:53,669 - INFO - Response status: 200 OK
2025-04-04 23:58:53,670 - INFO - Response size: 185 bytes
